  [1m[35m (177.4ms)[0m  [1m[35mCREATE DATABASE "employees_app_development" ENCODING = 'unicode'[0m
  [1m[35m (54.4ms)[0m  [1m[35mCREATE DATABASE "employees_app_test" ENCODING = 'unicode'[0m
  [1m[35m (4.3ms)[0m  [1m[35mCREATE TABLE "schema_migrations" ("version" character varying NOT NULL PRIMARY KEY)[0m
  [1m[35m (4.7ms)[0m  [1m[35mCREATE TABLE "ar_internal_metadata" ("key" character varying NOT NULL PRIMARY KEY, "value" character varying, "created_at" timestamp(6) NOT NULL, "updated_at" timestamp(6) NOT NULL)[0m
  [1m[35m (0.2ms)[0m  [1m[34mSELECT pg_try_advisory_lock(4916928968067396420)[0m
  [1m[36mActiveRecord::SchemaMigration Pluck (0.3ms)[0m  [1m[34mSELECT "schema_migrations"."version" FROM "schema_migrations" ORDER BY "schema_migrations"."version" ASC[0m
Migrating to CreateEmployees (20220714163947)
  [1m[36mTRANSACTION (0.1ms)[0m  [1m[35mBEGIN[0m
  [1m[35m (3.7ms)[0m  [1m[35mCREATE TABLE "employees" ("id" bigserial primary key, "first_name" character varying, "last_name" character varying, "email" character varying, "phone" character varying, "job_title" character varying, "department_id" integer, "created_at" timestamp(6) NOT NULL, "updated_at" timestamp(6) NOT NULL)[0m
  [1m[36mActiveRecord::SchemaMigration Create (0.3ms)[0m  [1m[32mINSERT INTO "schema_migrations" ("version") VALUES ($1) RETURNING "version"[0m  [["version", "20220714163947"]]
  [1m[36mTRANSACTION (1.2ms)[0m  [1m[35mCOMMIT[0m
Migrating to CreateDepartments (20220714164216)
  [1m[36mTRANSACTION (0.2ms)[0m  [1m[35mBEGIN[0m
  [1m[35m (4.7ms)[0m  [1m[35mCREATE TABLE "departments" ("id" bigserial primary key, "name" character varying, "manager" character varying, "code" character varying, "created_at" timestamp(6) NOT NULL, "updated_at" timestamp(6) NOT NULL)[0m
  [1m[36mActiveRecord::SchemaMigration Create (0.2ms)[0m  [1m[32mINSERT INTO "schema_migrations" ("version") VALUES ($1) RETURNING "version"[0m  [["version", "20220714164216"]]
  [1m[36mTRANSACTION (0.4ms)[0m  [1m[35mCOMMIT[0m
Migrating to AddAdminToEmployees (20220714201717)
  [1m[36mTRANSACTION (0.2ms)[0m  [1m[35mBEGIN[0m
  [1m[35m (0.3ms)[0m  [1m[35mALTER TABLE "employees" ADD "admin" boolean DEFAULT FALSE[0m
  [1m[36mActiveRecord::SchemaMigration Create (0.1ms)[0m  [1m[32mINSERT INTO "schema_migrations" ("version") VALUES ($1) RETURNING "version"[0m  [["version", "20220714201717"]]
  [1m[36mTRANSACTION (1.7ms)[0m  [1m[35mCOMMIT[0m
Migrating to AddPasswordToEmployee (20220714203745)
  [1m[36mTRANSACTION (0.1ms)[0m  [1m[35mBEGIN[0m
  [1m[35m (0.2ms)[0m  [1m[35mALTER TABLE "employees" ADD "password_digest" character varying[0m
  [1m[36mActiveRecord::SchemaMigration Create (0.2ms)[0m  [1m[32mINSERT INTO "schema_migrations" ("version") VALUES ($1) RETURNING "version"[0m  [["version", "20220714203745"]]
  [1m[36mTRANSACTION (2.4ms)[0m  [1m[35mCOMMIT[0m
  [1m[36mActiveRecord::InternalMetadata Load (0.2ms)[0m  [1m[34mSELECT "ar_internal_metadata".* FROM "ar_internal_metadata" WHERE "ar_internal_metadata"."key" = $1 LIMIT $2[0m  [["key", "environment"], ["LIMIT", 1]]
  [1m[36mTRANSACTION (0.1ms)[0m  [1m[35mBEGIN[0m
  [1m[36mActiveRecord::InternalMetadata Create (0.3ms)[0m  [1m[32mINSERT INTO "ar_internal_metadata" ("key", "value", "created_at", "updated_at") VALUES ($1, $2, $3, $4) RETURNING "key"[0m  [["key", "environment"], ["value", "development"], ["created_at", "2022-07-15 14:51:01.223663"], ["updated_at", "2022-07-15 14:51:01.223663"]]
  [1m[36mTRANSACTION (0.2ms)[0m  [1m[35mCOMMIT[0m
  [1m[35m (0.2ms)[0m  [1m[34mSELECT pg_advisory_unlock(4916928968067396420)[0m
  [1m[36mActiveRecord::SchemaMigration Pluck (0.5ms)[0m  [1m[34mSELECT "schema_migrations"."version" FROM "schema_migrations" ORDER BY "schema_migrations"."version" ASC[0m
  [1m[36mActiveRecord::SchemaMigration Pluck (0.4ms)[0m  [1m[34mSELECT "schema_migrations"."version" FROM "schema_migrations" ORDER BY "schema_migrations"."version" ASC[0m
  [1m[36mTRANSACTION (0.1ms)[0m  [1m[35mBEGIN[0m
  [1m[36mEmployee Exists? (0.6ms)[0m  [1m[34mSELECT 1 AS one FROM "employees" WHERE "employees"."email" = $1 LIMIT $2[0m  [["email", "charity@kulas.name"], ["LIMIT", 1]]
  [1m[36mTRANSACTION (0.1ms)[0m  [1m[31mROLLBACK[0m
  [1m[36mTRANSACTION (0.1ms)[0m  [1m[35mBEGIN[0m
  [1m[36mEmployee Exists? (0.2ms)[0m  [1m[34mSELECT 1 AS one FROM "employees" WHERE "employees"."email" = $1 LIMIT $2[0m  [["email", "elke_shields@hintz.biz"], ["LIMIT", 1]]
  [1m[36mTRANSACTION (0.1ms)[0m  [1m[31mROLLBACK[0m
  [1m[36mTRANSACTION (0.1ms)[0m  [1m[35mBEGIN[0m
  [1m[36mEmployee Exists? (0.1ms)[0m  [1m[34mSELECT 1 AS one FROM "employees" WHERE "employees"."email" = $1 LIMIT $2[0m  [["email", "takako@oreilly.biz"], ["LIMIT", 1]]
  [1m[36mTRANSACTION (0.1ms)[0m  [1m[31mROLLBACK[0m
  [1m[36mTRANSACTION (0.1ms)[0m  [1m[35mBEGIN[0m
  [1m[36mEmployee Exists? (0.1ms)[0m  [1m[34mSELECT 1 AS one FROM "employees" WHERE "employees"."email" = $1 LIMIT $2[0m  [["email", "tasia@olsonfeeney.com"], ["LIMIT", 1]]
  [1m[36mTRANSACTION (0.1ms)[0m  [1m[31mROLLBACK[0m
  [1m[36mTRANSACTION (0.1ms)[0m  [1m[35mBEGIN[0m
  [1m[36mEmployee Exists? (0.1ms)[0m  [1m[34mSELECT 1 AS one FROM "employees" WHERE "employees"."email" = $1 LIMIT $2[0m  [["email", "perla_hermann@fayspinka.com"], ["LIMIT", 1]]
  [1m[36mTRANSACTION (0.1ms)[0m  [1m[31mROLLBACK[0m
  [1m[36mTRANSACTION (0.1ms)[0m  [1m[35mBEGIN[0m
  [1m[36mEmployee Exists? (0.1ms)[0m  [1m[34mSELECT 1 AS one FROM "employees" WHERE "employees"."email" = $1 LIMIT $2[0m  [["email", "anitra_breitenberg@mcdermottritchie.name"], ["LIMIT", 1]]
  [1m[36mTRANSACTION (0.1ms)[0m  [1m[31mROLLBACK[0m
  [1m[36mTRANSACTION (0.1ms)[0m  [1m[35mBEGIN[0m
  [1m[36mEmployee Exists? (0.1ms)[0m  [1m[34mSELECT 1 AS one FROM "employees" WHERE "employees"."email" = $1 LIMIT $2[0m  [["email", "ashli_witting@muller.biz"], ["LIMIT", 1]]
  [1m[36mTRANSACTION (0.1ms)[0m  [1m[31mROLLBACK[0m
  [1m[36mTRANSACTION (0.1ms)[0m  [1m[35mBEGIN[0m
  [1m[36mEmployee Exists? (0.1ms)[0m  [1m[34mSELECT 1 AS one FROM "employees" WHERE "employees"."email" = $1 LIMIT $2[0m  [["email", "willene@dubuque.us"], ["LIMIT", 1]]
  [1m[36mTRANSACTION (0.1ms)[0m  [1m[31mROLLBACK[0m
  [1m[36mTRANSACTION (0.1ms)[0m  [1m[35mBEGIN[0m
  [1m[36mEmployee Exists? (0.1ms)[0m  [1m[34mSELECT 1 AS one FROM "employees" WHERE "employees"."email" = $1 LIMIT $2[0m  [["email", "carola@koeppbins.biz"], ["LIMIT", 1]]
  [1m[36mTRANSACTION (0.1ms)[0m  [1m[31mROLLBACK[0m
  [1m[36mTRANSACTION (0.1ms)[0m  [1m[35mBEGIN[0m
  [1m[36mEmployee Exists? (0.1ms)[0m  [1m[34mSELECT 1 AS one FROM "employees" WHERE "employees"."email" = $1 LIMIT $2[0m  [["email", "manuel@williamson.ca"], ["LIMIT", 1]]
  [1m[36mTRANSACTION (0.1ms)[0m  [1m[31mROLLBACK[0m
  [1m[36mTRANSACTION (0.1ms)[0m  [1m[35mBEGIN[0m
  [1m[36mEmployee Exists? (0.1ms)[0m  [1m[34mSELECT 1 AS one FROM "employees" WHERE "employees"."email" = $1 LIMIT $2[0m  [["email", "tereasa_goldner@lang.name"], ["LIMIT", 1]]
  [1m[36mTRANSACTION (0.1ms)[0m  [1m[31mROLLBACK[0m
  [1m[36mTRANSACTION (0.1ms)[0m  [1m[35mBEGIN[0m
  [1m[36mEmployee Exists? (0.1ms)[0m  [1m[34mSELECT 1 AS one FROM "employees" WHERE "employees"."email" = $1 LIMIT $2[0m  [["email", "precious@hyattkshlerin.ca"], ["LIMIT", 1]]
  [1m[36mTRANSACTION (0.1ms)[0m  [1m[31mROLLBACK[0m
  [1m[36mTRANSACTION (0.1ms)[0m  [1m[35mBEGIN[0m
  [1m[36mEmployee Exists? (0.1ms)[0m  [1m[34mSELECT 1 AS one FROM "employees" WHERE "employees"."email" = $1 LIMIT $2[0m  [["email", "glady.bergstrom@keebler.info"], ["LIMIT", 1]]
  [1m[36mTRANSACTION (0.1ms)[0m  [1m[31mROLLBACK[0m
  [1m[36mTRANSACTION (0.1ms)[0m  [1m[35mBEGIN[0m
  [1m[36mEmployee Exists? (0.1ms)[0m  [1m[34mSELECT 1 AS one FROM "employees" WHERE "employees"."email" = $1 LIMIT $2[0m  [["email", "carol@christiansen.biz"], ["LIMIT", 1]]
  [1m[36mTRANSACTION (0.1ms)[0m  [1m[31mROLLBACK[0m
  [1m[36mTRANSACTION (0.1ms)[0m  [1m[35mBEGIN[0m
  [1m[36mEmployee Exists? (0.1ms)[0m  [1m[34mSELECT 1 AS one FROM "employees" WHERE "employees"."email" = $1 LIMIT $2[0m  [["email", "antony@rolfson.ca"], ["LIMIT", 1]]
  [1m[36mTRANSACTION (0.1ms)[0m  [1m[31mROLLBACK[0m
  [1m[36mTRANSACTION (0.1ms)[0m  [1m[35mBEGIN[0m
  [1m[36mDepartment Create (0.4ms)[0m  [1m[32mINSERT INTO "departments" ("name", "manager", "code", "created_at", "updated_at") VALUES ($1, $2, $3, $4, $5) RETURNING "id"[0m  [["name", "Pringles"], ["manager", "Julius"], ["code", "123"], ["created_at", "2022-07-15 14:51:20.283645"], ["updated_at", "2022-07-15 14:51:20.283645"]]
  [1m[36mTRANSACTION (0.5ms)[0m  [1m[35mCOMMIT[0m
  [1m[36mTRANSACTION (0.1ms)[0m  [1m[35mBEGIN[0m
  [1m[36mDepartment Create (0.2ms)[0m  [1m[32mINSERT INTO "departments" ("name", "manager", "code", "created_at", "updated_at") VALUES ($1, $2, $3, $4, $5) RETURNING "id"[0m  [["name", "HR"], ["manager", "Tommy"], ["code", "456"], ["created_at", "2022-07-15 14:51:20.287401"], ["updated_at", "2022-07-15 14:51:20.287401"]]
  [1m[36mTRANSACTION (0.3ms)[0m  [1m[35mCOMMIT[0m
  [1m[36mTRANSACTION (0.1ms)[0m  [1m[35mBEGIN[0m
  [1m[36mDepartment Create (0.2ms)[0m  [1m[32mINSERT INTO "departments" ("name", "manager", "code", "created_at", "updated_at") VALUES ($1, $2, $3, $4, $5) RETURNING "id"[0m  [["name", "Finance"], ["manager", "Michael Scott"], ["code", "666"], ["created_at", "2022-07-15 14:51:20.290982"], ["updated_at", "2022-07-15 14:51:20.290982"]]
  [1m[36mTRANSACTION (0.3ms)[0m  [1m[35mCOMMIT[0m
  [1m[35m (0.1ms)[0m  [1m[34mSELECT pg_try_advisory_lock(4916928968067396420)[0m
  [1m[36mActiveRecord::SchemaMigration Pluck (0.4ms)[0m  [1m[34mSELECT "schema_migrations"."version" FROM "schema_migrations" ORDER BY "schema_migrations"."version" ASC[0m
  [1m[36mActiveRecord::InternalMetadata Load (0.3ms)[0m  [1m[34mSELECT "ar_internal_metadata".* FROM "ar_internal_metadata" WHERE "ar_internal_metadata"."key" = $1 LIMIT $2[0m  [["key", "environment"], ["LIMIT", 1]]
  [1m[35m (0.1ms)[0m  [1m[34mSELECT pg_advisory_unlock(4916928968067396420)[0m
  [1m[36mActiveRecord::SchemaMigration Pluck (0.4ms)[0m  [1m[34mSELECT "schema_migrations"."version" FROM "schema_migrations" ORDER BY "schema_migrations"."version" ASC[0m
  [1m[36mActiveRecord::SchemaMigration Pluck (0.4ms)[0m  [1m[34mSELECT "schema_migrations"."version" FROM "schema_migrations" ORDER BY "schema_migrations"."version" ASC[0m
  [1m[36mTRANSACTION (0.1ms)[0m  [1m[35mBEGIN[0m
  [1m[36mEmployee Exists? (0.5ms)[0m  [1m[34mSELECT 1 AS one FROM "employees" WHERE "employees"."email" = $1 LIMIT $2[0m  [["email", "mercy@marvingerhold.info"], ["LIMIT", 1]]
  [1m[36mTRANSACTION (0.1ms)[0m  [1m[31mROLLBACK[0m
  [1m[36mTRANSACTION (0.1ms)[0m  [1m[35mBEGIN[0m
  [1m[36mEmployee Exists? (0.1ms)[0m  [1m[34mSELECT 1 AS one FROM "employees" WHERE "employees"."email" = $1 LIMIT $2[0m  [["email", "stanton@herzogrenner.info"], ["LIMIT", 1]]
  [1m[36mTRANSACTION (0.1ms)[0m  [1m[31mROLLBACK[0m
  [1m[36mTRANSACTION (0.1ms)[0m  [1m[35mBEGIN[0m
  [1m[36mEmployee Exists? (0.2ms)[0m  [1m[34mSELECT 1 AS one FROM "employees" WHERE "employees"."email" = $1 LIMIT $2[0m  [["email", "vernice_larson@rutherforddaugherty.biz"], ["LIMIT", 1]]
  [1m[36mTRANSACTION (0.1ms)[0m  [1m[31mROLLBACK[0m
  [1m[36mTRANSACTION (0.1ms)[0m  [1m[35mBEGIN[0m
  [1m[36mEmployee Exists? (0.1ms)[0m  [1m[34mSELECT 1 AS one FROM "employees" WHERE "employees"."email" = $1 LIMIT $2[0m  [["email", "zulma.reichert@pouros.ca"], ["LIMIT", 1]]
  [1m[36mTRANSACTION (0.1ms)[0m  [1m[31mROLLBACK[0m
  [1m[36mTRANSACTION (0.1ms)[0m  [1m[35mBEGIN[0m
  [1m[36mEmployee Exists? (0.1ms)[0m  [1m[34mSELECT 1 AS one FROM "employees" WHERE "employees"."email" = $1 LIMIT $2[0m  [["email", "kathi_gerlach@walterjerde.name"], ["LIMIT", 1]]
  [1m[36mTRANSACTION (0.1ms)[0m  [1m[31mROLLBACK[0m
  [1m[36mTRANSACTION (0.1ms)[0m  [1m[35mBEGIN[0m
  [1m[36mEmployee Exists? (0.1ms)[0m  [1m[34mSELECT 1 AS one FROM "employees" WHERE "employees"."email" = $1 LIMIT $2[0m  [["email", "daniel@dicki.info"], ["LIMIT", 1]]
  [1m[36mTRANSACTION (0.1ms)[0m  [1m[31mROLLBACK[0m
  [1m[36mTRANSACTION (0.1ms)[0m  [1m[35mBEGIN[0m
  [1m[36mEmployee Exists? (0.2ms)[0m  [1m[34mSELECT 1 AS one FROM "employees" WHERE "employees"."email" = $1 LIMIT $2[0m  [["email", "jacquelynn@gradyokon.co.uk"], ["LIMIT", 1]]
  [1m[36mTRANSACTION (0.1ms)[0m  [1m[31mROLLBACK[0m
  [1m[36mTRANSACTION (0.1ms)[0m  [1m[35mBEGIN[0m
  [1m[36mEmployee Exists? (0.1ms)[0m  [1m[34mSELECT 1 AS one FROM "employees" WHERE "employees"."email" = $1 LIMIT $2[0m  [["email", "suzanna_cummings@walsh.ca"], ["LIMIT", 1]]
  [1m[36mTRANSACTION (0.1ms)[0m  [1m[31mROLLBACK[0m
  [1m[36mTRANSACTION (0.1ms)[0m  [1m[35mBEGIN[0m
  [1m[36mEmployee Exists? (0.1ms)[0m  [1m[34mSELECT 1 AS one FROM "employees" WHERE "employees"."email" = $1 LIMIT $2[0m  [["email", "vannessa@bailey.com"], ["LIMIT", 1]]
  [1m[36mTRANSACTION (0.1ms)[0m  [1m[31mROLLBACK[0m
  [1m[36mTRANSACTION (0.1ms)[0m  [1m[35mBEGIN[0m
  [1m[36mEmployee Exists? (0.1ms)[0m  [1m[34mSELECT 1 AS one FROM "employees" WHERE "employees"."email" = $1 LIMIT $2[0m  [["email", "delora.kirlin@boyer.ca"], ["LIMIT", 1]]
  [1m[36mTRANSACTION (0.1ms)[0m  [1m[31mROLLBACK[0m
  [1m[36mTRANSACTION (0.1ms)[0m  [1m[35mBEGIN[0m
  [1m[36mEmployee Exists? (0.1ms)[0m  [1m[34mSELECT 1 AS one FROM "employees" WHERE "employees"."email" = $1 LIMIT $2[0m  [["email", "elaina@kemmerkihn.info"], ["LIMIT", 1]]
  [1m[36mTRANSACTION (0.1ms)[0m  [1m[31mROLLBACK[0m
  [1m[36mTRANSACTION (0.1ms)[0m  [1m[35mBEGIN[0m
  [1m[36mEmployee Exists? (0.1ms)[0m  [1m[34mSELECT 1 AS one FROM "employees" WHERE "employees"."email" = $1 LIMIT $2[0m  [["email", "cinthia@ortiz.com"], ["LIMIT", 1]]
  [1m[36mTRANSACTION (0.1ms)[0m  [1m[31mROLLBACK[0m
  [1m[36mTRANSACTION (0.1ms)[0m  [1m[35mBEGIN[0m
  [1m[36mEmployee Exists? (0.1ms)[0m  [1m[34mSELECT 1 AS one FROM "employees" WHERE "employees"."email" = $1 LIMIT $2[0m  [["email", "marine.hoppe@blick.name"], ["LIMIT", 1]]
  [1m[36mTRANSACTION (0.1ms)[0m  [1m[31mROLLBACK[0m
  [1m[36mTRANSACTION (0.1ms)[0m  [1m[35mBEGIN[0m
  [1m[36mEmployee Exists? (0.1ms)[0m  [1m[34mSELECT 1 AS one FROM "employees" WHERE "employees"."email" = $1 LIMIT $2[0m  [["email", "cynthia.pfeffer@metz.us"], ["LIMIT", 1]]
  [1m[36mTRANSACTION (0.1ms)[0m  [1m[31mROLLBACK[0m
  [1m[36mTRANSACTION (0.1ms)[0m  [1m[35mBEGIN[0m
  [1m[36mEmployee Exists? (0.1ms)[0m  [1m[34mSELECT 1 AS one FROM "employees" WHERE "employees"."email" = $1 LIMIT $2[0m  [["email", "shana@oconnell.biz"], ["LIMIT", 1]]
  [1m[36mTRANSACTION (0.1ms)[0m  [1m[31mROLLBACK[0m
  [1m[36mTRANSACTION (0.1ms)[0m  [1m[35mBEGIN[0m
  [1m[36mDepartment Create (0.3ms)[0m  [1m[32mINSERT INTO "departments" ("name", "manager", "code", "created_at", "updated_at") VALUES ($1, $2, $3, $4, $5) RETURNING "id"[0m  [["name", "Pringles"], ["manager", "Julius"], ["code", "123"], ["created_at", "2022-07-15 14:53:28.784476"], ["updated_at", "2022-07-15 14:53:28.784476"]]
  [1m[36mTRANSACTION (0.7ms)[0m  [1m[35mCOMMIT[0m
  [1m[36mTRANSACTION (0.1ms)[0m  [1m[35mBEGIN[0m
  [1m[36mDepartment Create (0.2ms)[0m  [1m[32mINSERT INTO "departments" ("name", "manager", "code", "created_at", "updated_at") VALUES ($1, $2, $3, $4, $5) RETURNING "id"[0m  [["name", "HR"], ["manager", "Tommy"], ["code", "456"], ["created_at", "2022-07-15 14:53:28.787689"], ["updated_at", "2022-07-15 14:53:28.787689"]]
  [1m[36mTRANSACTION (0.4ms)[0m  [1m[35mCOMMIT[0m
  [1m[36mTRANSACTION (0.1ms)[0m  [1m[35mBEGIN[0m
  [1m[36mDepartment Create (0.1ms)[0m  [1m[32mINSERT INTO "departments" ("name", "manager", "code", "created_at", "updated_at") VALUES ($1, $2, $3, $4, $5) RETURNING "id"[0m  [["name", "Finance"], ["manager", "Michael Scott"], ["code", "666"], ["created_at", "2022-07-15 14:53:28.790398"], ["updated_at", "2022-07-15 14:53:28.790398"]]
  [1m[36mTRANSACTION (0.3ms)[0m  [1m[35mCOMMIT[0m
  [1m[36mActiveRecord::SchemaMigration Pluck (0.4ms)[0m  [1m[34mSELECT "schema_migrations"."version" FROM "schema_migrations" ORDER BY "schema_migrations"."version" ASC[0m
  [1m[36mTRANSACTION (0.1ms)[0m  [1m[35mBEGIN[0m
  [1m[36mEmployee Exists? (0.4ms)[0m  [1m[34mSELECT 1 AS one FROM "employees" WHERE "employees"."email" = $1 LIMIT $2[0m  [["email", "ward.collins@gulgowski.biz"], ["LIMIT", 1]]
  [1m[36mTRANSACTION (0.1ms)[0m  [1m[31mROLLBACK[0m
  [1m[36mTRANSACTION (0.1ms)[0m  [1m[35mBEGIN[0m
  [1m[36mEmployee Exists? (0.1ms)[0m  [1m[34mSELECT 1 AS one FROM "employees" WHERE "employees"."email" = $1 LIMIT $2[0m  [["email", "charley@osinski.info"], ["LIMIT", 1]]
  [1m[36mTRANSACTION (0.1ms)[0m  [1m[31mROLLBACK[0m
  [1m[36mTRANSACTION (0.1ms)[0m  [1m[35mBEGIN[0m
  [1m[36mEmployee Exists? (0.1ms)[0m  [1m[34mSELECT 1 AS one FROM "employees" WHERE "employees"."email" = $1 LIMIT $2[0m  [["email", "wallace@hermiston.biz"], ["LIMIT", 1]]
  [1m[36mTRANSACTION (0.1ms)[0m  [1m[31mROLLBACK[0m
  [1m[36mTRANSACTION (0.1ms)[0m  [1m[35mBEGIN[0m
  [1m[36mEmployee Exists? (0.1ms)[0m  [1m[34mSELECT 1 AS one FROM "employees" WHERE "employees"."email" = $1 LIMIT $2[0m  [["email", "melita@boylestark.name"], ["LIMIT", 1]]
  [1m[36mTRANSACTION (0.1ms)[0m  [1m[31mROLLBACK[0m
  [1m[36mTRANSACTION (0.1ms)[0m  [1m[35mBEGIN[0m
  [1m[36mEmployee Exists? (0.1ms)[0m  [1m[34mSELECT 1 AS one FROM "employees" WHERE "employees"."email" = $1 LIMIT $2[0m  [["email", "lavelle@simonis.ca"], ["LIMIT", 1]]
  [1m[36mTRANSACTION (0.1ms)[0m  [1m[31mROLLBACK[0m
  [1m[36mTRANSACTION (0.1ms)[0m  [1m[35mBEGIN[0m
  [1m[36mEmployee Exists? (0.1ms)[0m  [1m[34mSELECT 1 AS one FROM "employees" WHERE "employees"."email" = $1 LIMIT $2[0m  [["email", "akilah.zulauf@nienow.com"], ["LIMIT", 1]]
  [1m[36mTRANSACTION (0.1ms)[0m  [1m[31mROLLBACK[0m
  [1m[36mTRANSACTION (0.1ms)[0m  [1m[35mBEGIN[0m
  [1m[36mEmployee Exists? (0.1ms)[0m  [1m[34mSELECT 1 AS one FROM "employees" WHERE "employees"."email" = $1 LIMIT $2[0m  [["email", "vennie@waelchi.co.uk"], ["LIMIT", 1]]
  [1m[36mTRANSACTION (0.1ms)[0m  [1m[31mROLLBACK[0m
  [1m[36mTRANSACTION (0.1ms)[0m  [1m[35mBEGIN[0m
  [1m[36mEmployee Exists? (0.1ms)[0m  [1m[34mSELECT 1 AS one FROM "employees" WHERE "employees"."email" = $1 LIMIT $2[0m  [["email", "le@wehner.co.uk"], ["LIMIT", 1]]
  [1m[36mTRANSACTION (0.1ms)[0m  [1m[31mROLLBACK[0m
  [1m[36mTRANSACTION (0.1ms)[0m  [1m[35mBEGIN[0m
  [1m[36mEmployee Exists? (0.1ms)[0m  [1m[34mSELECT 1 AS one FROM "employees" WHERE "employees"."email" = $1 LIMIT $2[0m  [["email", "prince@beatty.us"], ["LIMIT", 1]]
  [1m[36mTRANSACTION (0.1ms)[0m  [1m[31mROLLBACK[0m
  [1m[36mTRANSACTION (0.1ms)[0m  [1m[35mBEGIN[0m
  [1m[36mEmployee Exists? (0.1ms)[0m  [1m[34mSELECT 1 AS one FROM "employees" WHERE "employees"."email" = $1 LIMIT $2[0m  [["email", "babara@erdman.name"], ["LIMIT", 1]]
  [1m[36mTRANSACTION (0.1ms)[0m  [1m[31mROLLBACK[0m
  [1m[36mTRANSACTION (0.1ms)[0m  [1m[35mBEGIN[0m
  [1m[36mEmployee Exists? (0.1ms)[0m  [1m[34mSELECT 1 AS one FROM "employees" WHERE "employees"."email" = $1 LIMIT $2[0m  [["email", "chrissy@watsica.us"], ["LIMIT", 1]]
  [1m[36mTRANSACTION (0.1ms)[0m  [1m[31mROLLBACK[0m
  [1m[36mTRANSACTION (0.1ms)[0m  [1m[35mBEGIN[0m
  [1m[36mEmployee Exists? (0.1ms)[0m  [1m[34mSELECT 1 AS one FROM "employees" WHERE "employees"."email" = $1 LIMIT $2[0m  [["email", "delinda@sporer.info"], ["LIMIT", 1]]
  [1m[36mTRANSACTION (0.1ms)[0m  [1m[31mROLLBACK[0m
  [1m[36mTRANSACTION (0.1ms)[0m  [1m[35mBEGIN[0m
  [1m[36mEmployee Exists? (0.1ms)[0m  [1m[34mSELECT 1 AS one FROM "employees" WHERE "employees"."email" = $1 LIMIT $2[0m  [["email", "darline.cartwright@bruen.us"], ["LIMIT", 1]]
  [1m[36mTRANSACTION (0.1ms)[0m  [1m[31mROLLBACK[0m
  [1m[36mTRANSACTION (0.1ms)[0m  [1m[35mBEGIN[0m
  [1m[36mEmployee Exists? (0.1ms)[0m  [1m[34mSELECT 1 AS one FROM "employees" WHERE "employees"."email" = $1 LIMIT $2[0m  [["email", "leda@emmerichzulauf.ca"], ["LIMIT", 1]]
  [1m[36mTRANSACTION (0.1ms)[0m  [1m[31mROLLBACK[0m
  [1m[36mTRANSACTION (0.1ms)[0m  [1m[35mBEGIN[0m
  [1m[36mEmployee Exists? (0.1ms)[0m  [1m[34mSELECT 1 AS one FROM "employees" WHERE "employees"."email" = $1 LIMIT $2[0m  [["email", "georgiana@bahringergreenfelder.ca"], ["LIMIT", 1]]
  [1m[36mTRANSACTION (0.1ms)[0m  [1m[31mROLLBACK[0m
  [1m[36mTRANSACTION (0.2ms)[0m  [1m[35mBEGIN[0m
  [1m[36mDepartment Create (0.4ms)[0m  [1m[32mINSERT INTO "departments" ("name", "manager", "code", "created_at", "updated_at") VALUES ($1, $2, $3, $4, $5) RETURNING "id"[0m  [["name", "Pringles"], ["manager", "Julius"], ["code", "123"], ["created_at", "2022-07-15 14:54:22.950561"], ["updated_at", "2022-07-15 14:54:22.950561"]]
  [1m[36mTRANSACTION (0.7ms)[0m  [1m[35mCOMMIT[0m
  [1m[36mTRANSACTION (0.1ms)[0m  [1m[35mBEGIN[0m
  [1m[36mDepartment Create (0.2ms)[0m  [1m[32mINSERT INTO "departments" ("name", "manager", "code", "created_at", "updated_at") VALUES ($1, $2, $3, $4, $5) RETURNING "id"[0m  [["name", "HR"], ["manager", "Tommy"], ["code", "456"], ["created_at", "2022-07-15 14:54:22.954378"], ["updated_at", "2022-07-15 14:54:22.954378"]]
  [1m[36mTRANSACTION (0.3ms)[0m  [1m[35mCOMMIT[0m
  [1m[36mTRANSACTION (0.1ms)[0m  [1m[35mBEGIN[0m
  [1m[36mDepartment Create (0.1ms)[0m  [1m[32mINSERT INTO "departments" ("name", "manager", "code", "created_at", "updated_at") VALUES ($1, $2, $3, $4, $5) RETURNING "id"[0m  [["name", "Finance"], ["manager", "Michael Scott"], ["code", "666"], ["created_at", "2022-07-15 14:54:22.956987"], ["updated_at", "2022-07-15 14:54:22.956987"]]
  [1m[36mTRANSACTION (0.3ms)[0m  [1m[35mCOMMIT[0m
Started POST "/employees.json" for 127.0.0.1 at 2022-07-15 08:59:03 -0600
  [1m[36mActiveRecord::SchemaMigration Pluck (0.4ms)[0m  [1m[34mSELECT "schema_migrations"."version" FROM "schema_migrations" ORDER BY "schema_migrations"."version" ASC[0m
Processing by EmployeesController#create as JSON
  Parameters: {"first_name"=>"Marilyn", "last_name"=>"Manson", "email"=>"mmanson@example.com", "phone"=>"123456789", "job_title"=>"Singer", "department_id"=>"1", "password"=>"[FILTERED]", "password_confirmation"=>"[FILTERED]", "admin"=>true, "employee"=>{"first_name"=>"Marilyn", "last_name"=>"Manson", "email"=>"mmanson@example.com", "phone"=>"123456789", "job_title"=>"Singer", "department_id"=>"1", "admin"=>true}}
  [1m[36mTRANSACTION (0.1ms)[0m  [1m[35mBEGIN[0m
  ↳ app/controllers/employees_controller.rb:24:in `create'
  [1m[36mDepartment Load (0.3ms)[0m  [1m[34mSELECT "departments".* FROM "departments" WHERE "departments"."id" = $1 LIMIT $2[0m  [["id", 1], ["LIMIT", 1]]
  ↳ app/controllers/employees_controller.rb:24:in `create'
  [1m[36mEmployee Exists? (0.4ms)[0m  [1m[34mSELECT 1 AS one FROM "employees" WHERE "employees"."email" = $1 LIMIT $2[0m  [["email", "mmanson@example.com"], ["LIMIT", 1]]
  ↳ app/controllers/employees_controller.rb:24:in `create'
  [1m[36mEmployee Create (0.4ms)[0m  [1m[32mINSERT INTO "employees" ("first_name", "last_name", "email", "phone", "job_title", "department_id", "created_at", "updated_at", "admin", "password_digest") VALUES ($1, $2, $3, $4, $5, $6, $7, $8, $9, $10) RETURNING "id"[0m  [["first_name", "Marilyn"], ["last_name", "Manson"], ["email", "mmanson@example.com"], ["phone", "123456789"], ["job_title", "Singer"], ["department_id", 1], ["created_at", "2022-07-15 14:59:03.856154"], ["updated_at", "2022-07-15 14:59:03.856154"], ["admin", true], ["password_digest", "[FILTERED]"]]
  ↳ app/controllers/employees_controller.rb:24:in `create'
  [1m[36mTRANSACTION (0.3ms)[0m  [1m[35mCOMMIT[0m
  ↳ app/controllers/employees_controller.rb:24:in `create'
Completed 200 OK in 205ms (Views: 0.3ms | ActiveRecord: 6.3ms | Allocations: 16383)


Started POST "/employees.json" for 127.0.0.1 at 2022-07-15 08:59:50 -0600
Processing by EmployeesController#create as JSON
  Parameters: {"first_name"=>"Winnie", "last_name"=>"Pooh", "email"=>"wpooh@example.com", "phone"=>"123456789", "job_title"=>"Bear", "department_id"=>"1", "password"=>"[FILTERED]", "password_confirmation"=>"[FILTERED]", "admin"=>true, "employee"=>{"first_name"=>"Winnie", "last_name"=>"Pooh", "email"=>"wpooh@example.com", "phone"=>"123456789", "job_title"=>"Bear", "department_id"=>"1", "admin"=>true}}
  [1m[36mTRANSACTION (0.1ms)[0m  [1m[35mBEGIN[0m
  ↳ app/controllers/employees_controller.rb:24:in `create'
  [1m[36mDepartment Load (0.1ms)[0m  [1m[34mSELECT "departments".* FROM "departments" WHERE "departments"."id" = $1 LIMIT $2[0m  [["id", 1], ["LIMIT", 1]]
  ↳ app/controllers/employees_controller.rb:24:in `create'
  [1m[36mEmployee Exists? (0.1ms)[0m  [1m[34mSELECT 1 AS one FROM "employees" WHERE "employees"."email" = $1 LIMIT $2[0m  [["email", "wpooh@example.com"], ["LIMIT", 1]]
  ↳ app/controllers/employees_controller.rb:24:in `create'
  [1m[36mEmployee Create (0.1ms)[0m  [1m[32mINSERT INTO "employees" ("first_name", "last_name", "email", "phone", "job_title", "department_id", "created_at", "updated_at", "admin", "password_digest") VALUES ($1, $2, $3, $4, $5, $6, $7, $8, $9, $10) RETURNING "id"[0m  [["first_name", "Winnie"], ["last_name", "Pooh"], ["email", "wpooh@example.com"], ["phone", "123456789"], ["job_title", "Bear"], ["department_id", 1], ["created_at", "2022-07-15 14:59:50.759926"], ["updated_at", "2022-07-15 14:59:50.759926"], ["admin", true], ["password_digest", "[FILTERED]"]]
  ↳ app/controllers/employees_controller.rb:24:in `create'
  [1m[36mTRANSACTION (0.6ms)[0m  [1m[35mCOMMIT[0m
  ↳ app/controllers/employees_controller.rb:24:in `create'
Completed 200 OK in 191ms (Views: 0.1ms | ActiveRecord: 1.1ms | Allocations: 3798)


Started POST "/employees.json" for 127.0.0.1 at 2022-07-15 09:01:02 -0600
Processing by EmployeesController#create as JSON
  Parameters: {"first_name"=>"Pigglet", "last_name"=>"Piggy", "email"=>"pp2@example.com", "phone"=>"123456789", "job_title"=>"Who Knows", "department_id"=>"1", "password"=>"[FILTERED]", "password_confirmation"=>"[FILTERED]", "admin"=>false, "employee"=>{"first_name"=>"Pigglet", "last_name"=>"Piggy", "email"=>"pp2@example.com", "phone"=>"123456789", "job_title"=>"Who Knows", "department_id"=>"1", "admin"=>false}}
  [1m[36mTRANSACTION (0.1ms)[0m  [1m[35mBEGIN[0m
  ↳ app/controllers/employees_controller.rb:24:in `create'
  [1m[36mDepartment Load (0.2ms)[0m  [1m[34mSELECT "departments".* FROM "departments" WHERE "departments"."id" = $1 LIMIT $2[0m  [["id", 1], ["LIMIT", 1]]
  ↳ app/controllers/employees_controller.rb:24:in `create'
  [1m[36mEmployee Exists? (0.1ms)[0m  [1m[34mSELECT 1 AS one FROM "employees" WHERE "employees"."email" = $1 LIMIT $2[0m  [["email", "pp2@example.com"], ["LIMIT", 1]]
  ↳ app/controllers/employees_controller.rb:24:in `create'
  [1m[36mEmployee Create (0.2ms)[0m  [1m[32mINSERT INTO "employees" ("first_name", "last_name", "email", "phone", "job_title", "department_id", "created_at", "updated_at", "admin", "password_digest") VALUES ($1, $2, $3, $4, $5, $6, $7, $8, $9, $10) RETURNING "id"[0m  [["first_name", "Pigglet"], ["last_name", "Piggy"], ["email", "pp2@example.com"], ["phone", "123456789"], ["job_title", "Who Knows"], ["department_id", 1], ["created_at", "2022-07-15 15:01:03.096369"], ["updated_at", "2022-07-15 15:01:03.096369"], ["admin", false], ["password_digest", "[FILTERED]"]]
  ↳ app/controllers/employees_controller.rb:24:in `create'
  [1m[36mTRANSACTION (0.5ms)[0m  [1m[35mCOMMIT[0m
  ↳ app/controllers/employees_controller.rb:24:in `create'
Completed 200 OK in 192ms (Views: 0.1ms | ActiveRecord: 1.2ms | Allocations: 3756)


